2023-07-28 00:26:43,611-INFO-Exception : tvQOROlCxtJ8zFX - must be str, not cx_Oracle.Connection
2023-07-28 00:27:03,836-INFO-Exception : ms05R5o6I4gDt1l - must be str, not cx_Oracle.Connection
2023-07-28 00:28:00,087-INFO-Exception : 7n48CfJLCls1qQv - must be str, not cx_Oracle.Connection
2023-07-28 00:29:10,678-INFO-Exception : LPqyfM5zLhlNbxV - must be str, not cx_Oracle.Connection
2023-07-28 00:30:02,285-INFO-Exception : ls9IezsCFMQKQjn - must be str, not cx_Oracle.Connection
2023-07-28 00:30:58,500-INFO-Exception : TrFz6K98EAe7S1f - must be str, not cx_Oracle.Connection
2023-07-28 00:32:51,855-INFO-Exception : aTeFg8fbjAWCHJW - must be str, not cx_Oracle.Connection
2023-07-28 00:33:36,490-INFO-Exception : d3j2nxKVHLiT5HE - must be str, not cx_Oracle.Connection
2023-07-28 00:36:39,386-INFO-Exception : wv002HWR9cUPhkn - must be str, not cx_Oracle.Connection
2023-07-28 00:41:13,685-INFO-Exception : 5Sgu8ZrXj2i4m3g - 'cx_Oracle.Connection' object is not subscriptable
2023-07-28 00:43:10,614-INFO-Exception : UxcdDdeyVmUCuXE - must be str, not cx_Oracle.Connection
2023-07-28 00:44:47,354-INFO-Exception : a92AOJYqfU9yvNS - must be str, not cx_Oracle.Connection
2023-07-28 00:46:31,556-INFO-DB conn : 0oTa3EWl06Wi5Fg - <cx_Oracle.Connection to CLTY_API@(DESCRIPTION=(ADDRESS=(PROTOCOL=TCP)(HOST=172.25.1.172)(PORT=1521))(CONNECT_DATA=(SERVICE_NAME=clty)))>
2023-07-28 00:46:31,556-INFO-@2
2023-07-28 00:46:31,556-INFO-@3
2023-07-28 00:46:31,556-INFO-@4
2023-07-28 00:46:31,573-INFO-DB Output 0oTa3EWl06Wi5Fg - {'WORO_AREA_CODE': None, 'WORO_PROM_NUMBER': 40511266, 'WORO_ID': 'FAULT2023061982750', 'WORO_WORG_NAME': 'RN-RN-MDF', 'WORO_CREATEDBY': 'SLT018357', 'WORO_STAS_ABBREVIATION': 'CLOSED', 'WORO_DESCRIPTION': 'Link down, cx asked to call 0112660888 before attend', 'WORO_DATECREATED': datetime.datetime(2023, 6, 19, 16, 9, 1), 'WORO_STATUSDATE': datetime.datetime(2023, 6, 19, 16, 16, 31), 'WORO_ACTUAL_START_DATE': None, 'WORO_ACTUAL_END_DATE': datetime.datetime(2023, 6, 19, 16, 16, 31)}
2023-07-28 00:49:33,525-INFO-DB conn : DoTyDdAxImiVbUj - <cx_Oracle.Connection to CLTY_API@(DESCRIPTION=(ADDRESS=(PROTOCOL=TCP)(HOST=172.25.1.172)(PORT=1521))(CONNECT_DATA=(SERVICE_NAME=clty)))>
2023-07-28 00:49:33,525-INFO-@2
2023-07-28 00:49:33,525-INFO-@3
2023-07-28 00:49:33,525-INFO-@4
2023-07-28 00:49:33,528-INFO-Exception : DoTyDdAxImiVbUj - 'str' object has no attribute 'isoformat'
2023-07-28 00:50:05,263-INFO-DB conn : t5elSl3MvlLu1pq - <cx_Oracle.Connection to CLTY_API@(DESCRIPTION=(ADDRESS=(PROTOCOL=TCP)(HOST=172.25.1.172)(PORT=1521))(CONNECT_DATA=(SERVICE_NAME=clty)))>
2023-07-28 00:50:05,264-INFO-@2
2023-07-28 00:50:05,264-INFO-@3
2023-07-28 00:50:05,264-INFO-@4
2023-07-28 00:50:05,267-INFO-Exception : t5elSl3MvlLu1pq - 'NoneType' object has no attribute 'isoformat'
2023-07-28 00:53:06,934-INFO-DB conn : 62fO8KtwS8JZJuK - <cx_Oracle.Connection to CLTY_API@(DESCRIPTION=(ADDRESS=(PROTOCOL=TCP)(HOST=172.25.1.172)(PORT=1521))(CONNECT_DATA=(SERVICE_NAME=clty)))>
2023-07-28 00:53:06,935-INFO-@2
2023-07-28 00:53:06,935-INFO-@3
2023-07-28 00:53:06,935-INFO-@4
2023-07-28 00:53:06,937-INFO-Exception : 62fO8KtwS8JZJuK - 'NoneType' object has no attribute 'isoformat'
2023-07-28 00:55:37,127-INFO-DB conn : cS8wa04xkIykLZa - <cx_Oracle.Connection to CLTY_API@(DESCRIPTION=(ADDRESS=(PROTOCOL=TCP)(HOST=172.25.1.172)(PORT=1521))(CONNECT_DATA=(SERVICE_NAME=clty)))>
2023-07-28 00:55:37,128-INFO-@2
2023-07-28 00:55:37,128-INFO-@3
2023-07-28 00:55:37,128-INFO-@4
2023-07-28 00:55:37,130-INFO-Exception : cS8wa04xkIykLZa - 'NoneType' object has no attribute 'isoformat'
2023-07-28 00:57:14,598-INFO-DB conn : nS8ljLuhNCdBstb - <cx_Oracle.Connection to CLTY_API@(DESCRIPTION=(ADDRESS=(PROTOCOL=TCP)(HOST=172.25.1.172)(PORT=1521))(CONNECT_DATA=(SERVICE_NAME=clty)))>
2023-07-28 00:57:14,598-INFO-@2
2023-07-28 00:57:14,599-INFO-@3
2023-07-28 00:57:14,599-INFO-@4
2023-07-28 00:57:14,601-INFO-DB Output nS8ljLuhNCdBstb - {'WORO_AREA_CODE': None, 'WORO_PROM_NUMBER': 40511266, 'WORO_ID': 'FAULT2023061982750', 'WORO_WORG_NAME': 'RN-RN-MDF', 'WORO_CREATEDBY': 'SLT018357', 'WORO_STAS_ABBREVIATION': 'CLOSED', 'WORO_DESCRIPTION': 'Link down, cx asked to call 0112660888 before attend', 'WORO_DATECREATED': '2023-06-19T16:09:01', 'WORO_STATUSDATE': '2023-06-19T16:16:31', 'WORO_ACTUAL_START_DATE': None, 'WORO_ACTUAL_END_DATE': '2023-06-19T16:16:31'}
2023-07-28 01:05:10,535-INFO-DB conn : UrYUvQrF52v6hgT - <cx_Oracle.Connection to CLTY_API@(DESCRIPTION=(ADDRESS=(PROTOCOL=TCP)(HOST=172.25.1.172)(PORT=1521))(CONNECT_DATA=(SERVICE_NAME=clty)))>
2023-07-28 01:05:10,536-INFO-@2
2023-07-28 01:05:10,536-INFO-@3
2023-07-28 01:05:10,536-INFO-@4
2023-07-28 01:05:10,540-INFO-DB Output UrYUvQrF52v6hgT - {'AREA_CODE': None, 'PROM_NUMBER': 40511266, 'WORO_ID': 'FAULT2023061982750', 'WORG_NAME': 'RN-RN-MDF', 'WORO_CREATED_BY': 'SLT018357', 'WORO_STATUS': 'CLOSED', 'WORO_DESCRIPTION': 'Link down, cx asked to call 0112660888 before attend', 'WORO_DATE_CREATED': '2023-06-19T16:09:01', 'WORO_DATE_COMPLETED': '2023-06-19T16:16:31', 'WORO_ACTUAL_START_DATE': None, 'WORO_ACTUAL_END_DATE': '2023-06-19T16:16:31'}
2023-07-28 01:12:23,043-INFO-DB conn : IpGUQY5E5R7FXte - <cx_Oracle.Connection to CLTY_API@(DESCRIPTION=(ADDRESS=(PROTOCOL=TCP)(HOST=172.25.1.172)(PORT=1521))(CONNECT_DATA=(SERVICE_NAME=clty)))>
2023-07-28 01:12:23,043-INFO-@2
2023-07-28 01:12:23,043-INFO-@3
2023-07-28 01:12:23,044-INFO-@4
2023-07-28 01:12:23,046-INFO-DB Output IpGUQY5E5R7FXte - {'AREA_CODE': None, 'PROM_NUMBER': 40511266, 'WORO_ID': 'FAULT2023061982750', 'WORG_NAME': 'RN-RN-MDF', 'WORO_CREATED_BY': 'SLT018357', 'WORO_STATUS': 'CLOSED', 'WORO_DESCRIPTION': 'Link down, cx asked to call 0112660888 before attend', 'WORO_DATE_CREATED': '2023-06-19T16:09:01', 'WORO_DATE_COMPLETED': '2023-06-19T16:16:31', 'WORO_ACTUAL_START_DATE': None, 'WORO_ACTUAL_END_DATE': '2023-06-19T16:16:31'}
2023-07-28 01:12:24,154-INFO-DB conn : DNcMFdFpl3iW80G - <cx_Oracle.Connection to CLTY_API@(DESCRIPTION=(ADDRESS=(PROTOCOL=TCP)(HOST=172.25.1.172)(PORT=1521))(CONNECT_DATA=(SERVICE_NAME=clty)))>
2023-07-28 01:12:24,154-INFO-@2
2023-07-28 01:12:24,155-INFO-@3
2023-07-28 01:12:24,155-INFO-@4
2023-07-28 01:12:24,157-INFO-DB Output DNcMFdFpl3iW80G - {'AREA_CODE': None, 'PROM_NUMBER': 40511266, 'WORO_ID': 'FAULT2023061982750', 'WORG_NAME': 'RN-RN-MDF', 'WORO_CREATED_BY': 'SLT018357', 'WORO_STATUS': 'CLOSED', 'WORO_DESCRIPTION': 'Link down, cx asked to call 0112660888 before attend', 'WORO_DATE_CREATED': '2023-06-19T16:09:01', 'WORO_DATE_COMPLETED': '2023-06-19T16:16:31', 'WORO_ACTUAL_START_DATE': None, 'WORO_ACTUAL_END_DATE': '2023-06-19T16:16:31'}
2023-07-28 01:12:25,057-INFO-DB conn : xQAvi7wn07CHqvO - <cx_Oracle.Connection to CLTY_API@(DESCRIPTION=(ADDRESS=(PROTOCOL=TCP)(HOST=172.25.1.172)(PORT=1521))(CONNECT_DATA=(SERVICE_NAME=clty)))>
2023-07-28 01:12:25,057-INFO-@2
2023-07-28 01:12:25,057-INFO-@3
2023-07-28 01:12:25,058-INFO-@4
2023-07-28 01:12:25,060-INFO-DB Output xQAvi7wn07CHqvO - {'AREA_CODE': None, 'PROM_NUMBER': 40511266, 'WORO_ID': 'FAULT2023061982750', 'WORG_NAME': 'RN-RN-MDF', 'WORO_CREATED_BY': 'SLT018357', 'WORO_STATUS': 'CLOSED', 'WORO_DESCRIPTION': 'Link down, cx asked to call 0112660888 before attend', 'WORO_DATE_CREATED': '2023-06-19T16:09:01', 'WORO_DATE_COMPLETED': '2023-06-19T16:16:31', 'WORO_ACTUAL_START_DATE': None, 'WORO_ACTUAL_END_DATE': '2023-06-19T16:16:31'}
2023-07-28 01:12:25,775-INFO-DB conn : PMhjZXw6Hj9xj31 - <cx_Oracle.Connection to CLTY_API@(DESCRIPTION=(ADDRESS=(PROTOCOL=TCP)(HOST=172.25.1.172)(PORT=1521))(CONNECT_DATA=(SERVICE_NAME=clty)))>
2023-07-28 01:12:25,775-INFO-@2
2023-07-28 01:12:25,775-INFO-@3
2023-07-28 01:12:25,776-INFO-@4
2023-07-28 01:12:25,778-INFO-DB Output PMhjZXw6Hj9xj31 - {'AREA_CODE': None, 'PROM_NUMBER': 40511266, 'WORO_ID': 'FAULT2023061982750', 'WORG_NAME': 'RN-RN-MDF', 'WORO_CREATED_BY': 'SLT018357', 'WORO_STATUS': 'CLOSED', 'WORO_DESCRIPTION': 'Link down, cx asked to call 0112660888 before attend', 'WORO_DATE_CREATED': '2023-06-19T16:09:01', 'WORO_DATE_COMPLETED': '2023-06-19T16:16:31', 'WORO_ACTUAL_START_DATE': None, 'WORO_ACTUAL_END_DATE': '2023-06-19T16:16:31'}
2023-07-28 01:12:26,397-INFO-DB conn : FHaYHc8QOZM7j6R - <cx_Oracle.Connection to CLTY_API@(DESCRIPTION=(ADDRESS=(PROTOCOL=TCP)(HOST=172.25.1.172)(PORT=1521))(CONNECT_DATA=(SERVICE_NAME=clty)))>
2023-07-28 01:12:26,398-INFO-@2
2023-07-28 01:12:26,398-INFO-@3
2023-07-28 01:12:26,398-INFO-@4
2023-07-28 01:12:26,400-INFO-DB Output FHaYHc8QOZM7j6R - {'AREA_CODE': None, 'PROM_NUMBER': 40511266, 'WORO_ID': 'FAULT2023061982750', 'WORG_NAME': 'RN-RN-MDF', 'WORO_CREATED_BY': 'SLT018357', 'WORO_STATUS': 'CLOSED', 'WORO_DESCRIPTION': 'Link down, cx asked to call 0112660888 before attend', 'WORO_DATE_CREATED': '2023-06-19T16:09:01', 'WORO_DATE_COMPLETED': '2023-06-19T16:16:31', 'WORO_ACTUAL_START_DATE': None, 'WORO_ACTUAL_END_DATE': '2023-06-19T16:16:31'}
2023-07-28 01:12:27,155-INFO-DB conn : sPKfmHkZW2gZERO - <cx_Oracle.Connection to CLTY_API@(DESCRIPTION=(ADDRESS=(PROTOCOL=TCP)(HOST=172.25.1.172)(PORT=1521))(CONNECT_DATA=(SERVICE_NAME=clty)))>
2023-07-28 01:12:27,155-INFO-@2
2023-07-28 01:12:27,155-INFO-@3
2023-07-28 01:12:27,155-INFO-@4
2023-07-28 01:12:27,158-INFO-DB Output sPKfmHkZW2gZERO - {'AREA_CODE': None, 'PROM_NUMBER': 40511266, 'WORO_ID': 'FAULT2023061982750', 'WORG_NAME': 'RN-RN-MDF', 'WORO_CREATED_BY': 'SLT018357', 'WORO_STATUS': 'CLOSED', 'WORO_DESCRIPTION': 'Link down, cx asked to call 0112660888 before attend', 'WORO_DATE_CREATED': '2023-06-19T16:09:01', 'WORO_DATE_COMPLETED': '2023-06-19T16:16:31', 'WORO_ACTUAL_START_DATE': None, 'WORO_ACTUAL_END_DATE': '2023-06-19T16:16:31'}
2023-07-28 01:12:27,954-INFO-DB conn : KslTY6sIksxVKca - <cx_Oracle.Connection to CLTY_API@(DESCRIPTION=(ADDRESS=(PROTOCOL=TCP)(HOST=172.25.1.172)(PORT=1521))(CONNECT_DATA=(SERVICE_NAME=clty)))>
2023-07-28 01:12:27,954-INFO-@2
2023-07-28 01:12:27,954-INFO-@3
2023-07-28 01:12:27,954-INFO-@4
2023-07-28 01:12:27,956-INFO-DB Output KslTY6sIksxVKca - {'AREA_CODE': None, 'PROM_NUMBER': 40511266, 'WORO_ID': 'FAULT2023061982750', 'WORG_NAME': 'RN-RN-MDF', 'WORO_CREATED_BY': 'SLT018357', 'WORO_STATUS': 'CLOSED', 'WORO_DESCRIPTION': 'Link down, cx asked to call 0112660888 before attend', 'WORO_DATE_CREATED': '2023-06-19T16:09:01', 'WORO_DATE_COMPLETED': '2023-06-19T16:16:31', 'WORO_ACTUAL_START_DATE': None, 'WORO_ACTUAL_END_DATE': '2023-06-19T16:16:31'}
2023-07-28 10:08:33,447-INFO-DB conn : IQtE6LGyVLSay3y - <cx_Oracle.Connection to CLTY_API@(DESCRIPTION=(ADDRESS=(PROTOCOL=TCP)(HOST=172.25.1.172)(PORT=1521))(CONNECT_DATA=(SERVICE_NAME=clty)))>
2023-07-28 10:08:33,447-INFO-@2
2023-07-28 10:08:33,447-INFO-@3
2023-07-28 10:08:33,447-INFO-@4
2023-07-28 10:08:33,457-INFO-DB Output IQtE6LGyVLSay3y - {'AREA_CODE': None, 'PROM_NUMBER': 40511266, 'WORO_ID': 'FAULT2023061982750', 'WORG_NAME': 'RN-RN-MDF', 'WORO_CREATED_BY': 'SLT018357', 'WORO_STATUS': 'CLOSED', 'WORO_DESCRIPTION': 'Link down, cx asked to call 0112660888 before attend', 'WORO_DATE_CREATED': '2023-06-19T16:09:01', 'WORO_DATE_COMPLETED': '2023-06-19T16:16:31', 'WORO_ACTUAL_START_DATE': None, 'WORO_ACTUAL_END_DATE': '2023-06-19T16:16:31'}
2023-07-28 14:26:28,873-INFO-DB conn : 3jeDDBS4a8NbLAu - <cx_Oracle.Connection to CLTY_API@(DESCRIPTION=(ADDRESS=(PROTOCOL=TCP)(HOST=172.25.1.172)(PORT=1521))(CONNECT_DATA=(SERVICE_NAME=clty)))>
2023-07-28 14:26:28,877-INFO-@2
2023-07-28 14:26:28,878-INFO-@3
2023-07-28 14:26:28,878-INFO-@4
2023-07-28 14:26:28,891-INFO-DB Output 3jeDDBS4a8NbLAu - {'AREA_CODE': None, 'PROM_NUMBER': 40511266, 'WORO_ID': 'FAULT2023061982750', 'WORG_NAME': 'RN-RN-MDF', 'WORO_CREATED_BY': 'SLT018357', 'WORO_STATUS': 'CLOSED', 'WORO_DESCRIPTION': 'Link down, cx asked to call 0112660888 before attend', 'WORO_DATE_CREATED': '2023-06-19T16:09:01', 'WORO_DATE_COMPLETED': '2023-06-19T16:16:31', 'WORO_ACTUAL_START_DATE': None, 'WORO_ACTUAL_END_DATE': '2023-06-19T16:16:31'}
2023-07-28 21:17:57,906-INFO-DB conn : TJtHAwaJVaBdTyM - <cx_Oracle.Connection to CLTY_API@(DESCRIPTION=(ADDRESS=(PROTOCOL=TCP)(HOST=172.25.1.172)(PORT=1521))(CONNECT_DATA=(SERVICE_NAME=clty)))>
2023-07-28 21:17:57,907-INFO-@2
2023-07-28 21:17:57,907-INFO-@3
2023-07-28 21:17:57,907-INFO-@4
2023-07-28 21:17:57,914-INFO-DB Output TJtHAwaJVaBdTyM - {'AREA_CODE': None, 'PROM_NUMBER': 40511266, 'WORO_ID': 'FAULT2023061982750', 'WORG_NAME': 'RN-RN-MDF', 'WORO_CREATED_BY': 'SLT018357', 'WORO_STATUS': 'CLOSED', 'WORO_DESCRIPTION': 'Link down, cx asked to call 0112660888 before attend', 'WORO_DATE_CREATED': '2023-06-19T16:09:01', 'WORO_DATE_COMPLETED': '2023-06-19T16:16:31', 'WORO_ACTUAL_START_DATE': None, 'WORO_ACTUAL_END_DATE': '2023-06-19T16:16:31'}
2023-07-30 08:45:47,885-INFO-DB conn : 0hJoFYMqk2NgVc6 - <cx_Oracle.Connection to CLTY_API@(DESCRIPTION=(ADDRESS=(PROTOCOL=TCP)(HOST=172.25.1.172)(PORT=1521))(CONNECT_DATA=(SERVICE_NAME=clty)))>
2023-07-30 08:45:47,885-INFO-@2
2023-07-30 08:45:47,885-INFO-@3
2023-07-30 08:45:47,886-INFO-@4
2023-07-30 08:45:47,896-INFO-DB Output 0hJoFYMqk2NgVc6 - {'AREA_CODE': None, 'PROM_NUMBER': 40511266, 'WORO_ID': 'FAULT2023061982750', 'WORG_NAME': 'RN-RN-MDF', 'WORO_CREATED_BY': 'SLT018357', 'WORO_STATUS': 'CLOSED', 'WORO_DESCRIPTION': 'Link down, cx asked to call 0112660888 before attend', 'WORO_DATE_CREATED': '2023-06-19T16:09:01', 'WORO_DATE_COMPLETED': '2023-06-19T16:16:31', 'WORO_ACTUAL_START_DATE': None, 'WORO_ACTUAL_END_DATE': '2023-06-19T16:16:31'}
2023-07-31 09:34:13,513-INFO-DB conn : d1uhc8AfwwT2T0J - <cx_Oracle.Connection to CLTY_API@(DESCRIPTION=(ADDRESS=(PROTOCOL=TCP)(HOST=172.25.1.172)(PORT=1521))(CONNECT_DATA=(SERVICE_NAME=clty)))>
2023-07-31 09:34:13,514-INFO-@2
2023-07-31 09:34:13,514-INFO-@3
2023-07-31 09:34:13,514-INFO-@4
2023-07-31 09:34:13,526-INFO-DB Output d1uhc8AfwwT2T0J - {'AREA_CODE': None, 'PROM_NUMBER': 40511266, 'WORO_ID': 'FAULT2023061982750', 'WORG_NAME': 'RN-RN-MDF', 'WORO_CREATED_BY': 'SLT018357', 'WORO_STATUS': 'CLOSED', 'WORO_DESCRIPTION': 'Link down, cx asked to call 0112660888 before attend', 'WORO_DATE_CREATED': '2023-06-19T16:09:01', 'WORO_DATE_COMPLETED': '2023-06-19T16:16:31', 'WORO_ACTUAL_START_DATE': None, 'WORO_ACTUAL_END_DATE': '2023-06-19T16:16:31'}
2023-08-03 10:12:15,345-INFO-DB conn : B6u11oMRMb29cXE - <cx_Oracle.Connection to CLTY_API@(DESCRIPTION=(ADDRESS=(PROTOCOL=TCP)(HOST=172.25.1.172)(PORT=1521))(CONNECT_DATA=(SERVICE_NAME=clty)))>
2023-08-03 10:12:15,345-INFO-@2
2023-08-03 10:12:15,346-INFO-@3
2023-08-03 10:12:15,346-INFO-@4
2023-08-03 10:12:15,358-INFO-DB Output B6u11oMRMb29cXE - {'AREA_CODE': None, 'PROM_NUMBER': 40511266, 'WORO_ID': 'FAULT2023061982750', 'WORG_NAME': 'RN-RN-MDF', 'WORO_CREATED_BY': 'SLT018357', 'WORO_STATUS': 'CLOSED', 'WORO_DESCRIPTION': 'Link down, cx asked to call 0112660888 before attend', 'WORO_DATE_CREATED': '2023-06-19T16:09:01', 'WORO_DATE_COMPLETED': '2023-06-19T16:16:31', 'WORO_ACTUAL_START_DATE': None, 'WORO_ACTUAL_END_DATE': '2023-06-19T16:16:31'}
2023-08-23 12:31:08,064-INFO-DB conn : dgIwb6wcWK2XGua - <cx_Oracle.Connection to CLTY_API@(DESCRIPTION=(ADDRESS=(PROTOCOL=TCP)(HOST=172.25.1.172)(PORT=1521))(CONNECT_DATA=(SERVICE_NAME=clty)))>
2023-08-23 12:31:08,068-INFO-@2
2023-08-23 12:31:08,068-INFO-@3
2023-08-23 12:31:08,068-INFO-@4
2023-08-23 12:31:08,090-INFO-DB Output dgIwb6wcWK2XGua - {'AREA_CODE': None, 'PROM_NUMBER': 40511266, 'WORO_ID': 'FAULT2023061982750', 'WORG_NAME': 'RN-RN-MDF', 'WORO_CREATED_BY': 'SLT018357', 'WORO_STATUS': 'CLOSED', 'WORO_DESCRIPTION': 'Link down, cx asked to call 0112660888 before attend', 'WORO_DATE_CREATED': '2023-06-19T16:09:01', 'WORO_DATE_COMPLETED': '2023-06-19T16:16:31', 'WORO_ACTUAL_START_DATE': None, 'WORO_ACTUAL_END_DATE': '2023-06-19T16:16:31'}
2023-09-07 14:09:39,240-INFO-DB conn : RKRicRUm12bTFrU - <cx_Oracle.Connection to CLTY_API@(DESCRIPTION=(ADDRESS=(PROTOCOL=TCP)(HOST=172.25.1.172)(PORT=1521))(CONNECT_DATA=(SERVICE_NAME=clty)))>
2023-09-07 14:09:39,240-INFO-@2
2023-09-07 14:09:39,240-INFO-@3
2023-09-07 14:09:39,240-INFO-@4
2023-09-07 14:09:39,255-INFO-DB Output RKRicRUm12bTFrU - {'AREA_CODE': None, 'PROM_NUMBER': 40511266, 'WORO_ID': 'FAULT2023061982750', 'WORG_NAME': 'RN-RN-MDF', 'WORO_CREATED_BY': 'SLT018357', 'WORO_STATUS': 'CLOSED', 'WORO_DESCRIPTION': 'Link down, cx asked to call 0112660888 before attend', 'WORO_DATE_CREATED': '2023-06-19T16:09:01', 'WORO_DATE_COMPLETED': '2023-06-19T16:16:31', 'WORO_ACTUAL_START_DATE': None, 'WORO_ACTUAL_END_DATE': '2023-06-19T16:16:31'}
2023-09-07 14:12:12,029-INFO-DB conn : mW6o7Rznwt5R4bh - <cx_Oracle.Connection to CLTY_API@(DESCRIPTION=(ADDRESS=(PROTOCOL=TCP)(HOST=172.25.1.172)(PORT=1521))(CONNECT_DATA=(SERVICE_NAME=clty)))>
2023-09-07 14:12:12,030-INFO-@2
2023-09-07 14:12:12,030-INFO-@3
2023-09-07 14:12:12,030-INFO-@4
2023-09-07 14:12:12,031-INFO-DB Output mW6o7Rznwt5R4bh - {'AREA_CODE': None, 'PROM_NUMBER': 40923635, 'WORO_ID': 'FAULT2023090743700', 'WORG_NAME': 'INT-NW-SYSADMIN', 'WORO_CREATED_BY': 'SLT000885', 'WORO_STATUS': 'INPROGRESS', 'WORO_DESCRIPTION': 'SS 0/0/9 port up, cx says not working, power confirmed', 'WORO_DATE_CREATED': '2023-09-07T11:21:07', 'WORO_DATE_COMPLETED': '2023-09-07T11:24:44', 'WORO_ACTUAL_START_DATE': '2023-09-07T11:24:44', 'WORO_ACTUAL_END_DATE': None}
2023-09-13 09:02:22,511-INFO-DB conn : Y0Tpel11DoDVaVP - <cx_Oracle.Connection to CLTY_API@(DESCRIPTION=(ADDRESS=(PROTOCOL=TCP)(HOST=172.25.1.172)(PORT=1521))(CONNECT_DATA=(SERVICE_NAME=clty)))>
2023-09-13 09:02:22,511-INFO-@2
2023-09-13 09:02:22,511-INFO-@3
2023-09-13 09:02:22,511-INFO-@4
2023-09-13 09:02:22,522-INFO-DB Output Y0Tpel11DoDVaVP - {'AREA_CODE': None, 'PROM_NUMBER': 40923635, 'WORO_ID': 'FAULT2023090743700', 'WORG_NAME': 'INT-NW-SYSADMIN', 'WORO_CREATED_BY': 'SLT000885', 'WORO_STATUS': 'CLOSED', 'WORO_DESCRIPTION': 'SS 0/0/9 port up, cx says not working, power confirmed', 'WORO_DATE_CREATED': '2023-09-07T11:21:07', 'WORO_DATE_COMPLETED': '2023-09-09T08:34:35', 'WORO_ACTUAL_START_DATE': '2023-09-07T11:24:44', 'WORO_ACTUAL_END_DATE': '2023-09-09T08:34:35'}
2023-09-14 10:34:48,730-INFO-DB conn : 2S5TWIz3LtfpFE2 - <cx_Oracle.Connection to CLTY_API@(DESCRIPTION=(ADDRESS=(PROTOCOL=TCP)(HOST=172.25.1.172)(PORT=1521))(CONNECT_DATA=(SERVICE_NAME=clty)))>
2023-09-14 10:34:48,730-INFO-@2
2023-09-14 10:34:48,730-INFO-@3
2023-09-14 10:34:48,730-INFO-@4
2023-09-14 10:34:48,748-INFO-DB Output 2S5TWIz3LtfpFE2 - {'AREA_CODE': None, 'PROM_NUMBER': 40923635, 'WORO_ID': 'FAULT2023090743700', 'WORG_NAME': 'INT-NW-SYSADMIN', 'WORO_CREATED_BY': 'SLT000885', 'WORO_STATUS': 'CLOSED', 'WORO_DESCRIPTION': 'SS 0/0/9 port up, cx says not working, power confirmed', 'WORO_DATE_CREATED': '2023-09-07T11:21:07', 'WORO_DATE_COMPLETED': '2023-09-09T08:34:35', 'WORO_ACTUAL_START_DATE': '2023-09-07T11:24:44', 'WORO_ACTUAL_END_DATE': '2023-09-09T08:34:35'}
2023-09-15 14:09:30,222-INFO-DB conn : wUhOCvPKk43uiPK - <cx_Oracle.Connection to CLTY_API@(DESCRIPTION=(ADDRESS=(PROTOCOL=TCP)(HOST=172.25.1.172)(PORT=1521))(CONNECT_DATA=(SERVICE_NAME=clty)))>
2023-09-15 14:09:30,223-INFO-@2
2023-09-15 14:09:30,223-INFO-@3
2023-09-15 14:09:30,223-INFO-@4
2023-09-15 14:09:30,270-INFO-DB Output wUhOCvPKk43uiPK - {'AREA_CODE': None, 'PROM_NUMBER': 40923635, 'WORO_ID': 'FAULT2023090743700', 'WORG_NAME': 'INT-NW-SYSADMIN', 'WORO_CREATED_BY': 'SLT000885', 'WORO_STATUS': 'CLOSED', 'WORO_DESCRIPTION': 'SS 0/0/9 port up, cx says not working, power confirmed', 'WORO_DATE_CREATED': '2023-09-07T11:21:07', 'WORO_DATE_COMPLETED': '2023-09-09T08:34:35', 'WORO_ACTUAL_START_DATE': '2023-09-07T11:24:44', 'WORO_ACTUAL_END_DATE': '2023-09-09T08:34:35'}
2023-09-15 15:06:09,048-INFO-DB conn : bbBLUhE2IsqtZQM - <cx_Oracle.Connection to CLTY_API@(DESCRIPTION=(ADDRESS=(PROTOCOL=TCP)(HOST=172.25.1.172)(PORT=1521))(CONNECT_DATA=(SERVICE_NAME=clty)))>
2023-09-15 15:06:09,048-INFO-@2
2023-09-15 15:06:09,048-INFO-@3
2023-09-15 15:06:09,048-INFO-@4
2023-09-15 15:06:09,050-INFO-DB Output bbBLUhE2IsqtZQM - {'AREA_CODE': None, 'PROM_NUMBER': 40923635, 'WORO_ID': 'FAULT2023090743700', 'WORG_NAME': 'INT-NW-SYSADMIN', 'WORO_CREATED_BY': 'SLT000885', 'WORO_STATUS': 'CLOSED', 'WORO_DESCRIPTION': 'SS 0/0/9 port up, cx says not working, power confirmed', 'WORO_DATE_CREATED': '2023-09-07T11:21:07', 'WORO_DATE_COMPLETED': '2023-09-09T08:34:35', 'WORO_ACTUAL_START_DATE': '2023-09-07T11:24:44', 'WORO_ACTUAL_END_DATE': '2023-09-09T08:34:35'}
2023-09-15 15:07:04,982-INFO-DB conn : 1rClaknX9FJWr1c - <cx_Oracle.Connection to CLTY_API@(DESCRIPTION=(ADDRESS=(PROTOCOL=TCP)(HOST=172.25.1.172)(PORT=1521))(CONNECT_DATA=(SERVICE_NAME=clty)))>
2023-09-15 15:07:04,983-INFO-@2
2023-09-15 15:07:04,983-INFO-@3
2023-09-15 15:07:04,983-INFO-@4
2023-09-15 15:07:04,985-INFO-DB Output 1rClaknX9FJWr1c - {'AREA_CODE': None, 'PROM_NUMBER': 40923635, 'WORO_ID': 'FAULT2023090743700', 'WORG_NAME': 'INT-NW-SYSADMIN', 'WORO_CREATED_BY': 'SLT000885', 'WORO_STATUS': 'CLOSED', 'WORO_DESCRIPTION': 'SS 0/0/9 port up, cx says not working, power confirmed', 'WORO_DATE_CREATED': '2023-09-07T11:21:07', 'WORO_DATE_COMPLETED': '2023-09-09T08:34:35', 'WORO_ACTUAL_START_DATE': '2023-09-07T11:24:44', 'WORO_ACTUAL_END_DATE': '2023-09-09T08:34:35'}
2023-09-15 15:13:35,432-INFO-DB conn : bsV0h4Z36M1m8KP - <cx_Oracle.Connection to CLTY_API@(DESCRIPTION=(ADDRESS=(PROTOCOL=TCP)(HOST=172.25.1.172)(PORT=1521))(CONNECT_DATA=(SERVICE_NAME=clty)))>
2023-09-15 15:13:35,433-INFO-@2
2023-09-15 15:13:35,433-INFO-@3
2023-09-15 15:13:35,433-INFO-@4
2023-09-15 15:13:35,435-INFO-DB Output bsV0h4Z36M1m8KP - {'AREA_CODE': None, 'PROM_NUMBER': 40923635, 'WORO_ID': 'FAULT2023090743700', 'WORG_NAME': 'INT-NW-SYSADMIN', 'WORO_CREATED_BY': 'SLT000885', 'WORO_STATUS': 'CLOSED', 'WORO_DESCRIPTION': 'SS 0/0/9 port up, cx says not working, power confirmed', 'WORO_DATE_CREATED': '2023-09-07T11:21:07', 'WORO_DATE_COMPLETED': '2023-09-09T08:34:35', 'WORO_ACTUAL_START_DATE': '2023-09-07T11:24:44', 'WORO_ACTUAL_END_DATE': '2023-09-09T08:34:35'}
2023-09-15 15:29:12,273-INFO-DB conn : BIO3Mh4JKlY1kxp - <cx_Oracle.Connection to CLTY_API@(DESCRIPTION=(ADDRESS=(PROTOCOL=TCP)(HOST=172.25.1.172)(PORT=1521))(CONNECT_DATA=(SERVICE_NAME=clty)))>
2023-09-15 15:29:12,273-INFO-@2
2023-09-15 15:29:12,273-INFO-@3
2023-09-15 15:29:12,274-INFO-@4
2023-09-15 15:29:12,276-INFO-DB Output BIO3Mh4JKlY1kxp - {'AREA_CODE': None, 'PROM_NUMBER': 40923635, 'WORO_ID': 'FAULT2023090743700', 'WORG_NAME': 'INT-NW-SYSADMIN', 'WORO_CREATED_BY': 'SLT000885', 'WORO_STATUS': 'CLOSED', 'WORO_DESCRIPTION': 'SS 0/0/9 port up, cx says not working, power confirmed', 'WORO_DATE_CREATED': '2023-09-07T11:21:07', 'WORO_DATE_COMPLETED': '2023-09-09T08:34:35', 'WORO_ACTUAL_START_DATE': '2023-09-07T11:24:44', 'WORO_ACTUAL_END_DATE': '2023-09-09T08:34:35'}
2023-09-15 15:31:12,114-INFO-DB conn : jQEp9mqtlNPQWP4 - <cx_Oracle.Connection to CLTY_API@(DESCRIPTION=(ADDRESS=(PROTOCOL=TCP)(HOST=172.25.1.172)(PORT=1521))(CONNECT_DATA=(SERVICE_NAME=clty)))>
2023-09-15 15:31:12,114-INFO-@2
2023-09-15 15:31:12,114-INFO-@3
2023-09-15 15:31:12,114-INFO-@4
2023-09-15 15:31:12,116-INFO-DB Output jQEp9mqtlNPQWP4 - {'AREA_CODE': None, 'PROM_NUMBER': 40923635, 'WORO_ID': 'FAULT2023090743700', 'WORG_NAME': 'INT-NW-SYSADMIN', 'WORO_CREATED_BY': 'SLT000885', 'WORO_STATUS': 'CLOSED', 'WORO_DESCRIPTION': 'SS 0/0/9 port up, cx says not working, power confirmed', 'WORO_DATE_CREATED': '2023-09-07T11:21:07', 'WORO_DATE_COMPLETED': '2023-09-09T08:34:35', 'WORO_ACTUAL_START_DATE': '2023-09-07T11:24:44', 'WORO_ACTUAL_END_DATE': '2023-09-09T08:34:35'}
2023-09-15 15:58:17,796-INFO-DB conn : hmGxERCeGesXVvv - <cx_Oracle.Connection to CLTY_API@(DESCRIPTION=(ADDRESS=(PROTOCOL=TCP)(HOST=172.25.1.172)(PORT=1521))(CONNECT_DATA=(SERVICE_NAME=clty)))>
2023-09-15 15:58:17,796-INFO-@2
2023-09-15 15:58:17,796-INFO-@3
2023-09-15 15:58:17,797-INFO-@4
2023-09-15 15:58:17,799-INFO-DB Output hmGxERCeGesXVvv - {'AREA_CODE': None, 'PROM_NUMBER': 40923635, 'WORO_ID': 'FAULT2023090743700', 'WORG_NAME': 'INT-NW-SYSADMIN', 'WORO_CREATED_BY': 'SLT000885', 'WORO_STATUS': 'CLOSED', 'WORO_DESCRIPTION': 'SS 0/0/9 port up, cx says not working, power confirmed', 'WORO_DATE_CREATED': '2023-09-07T11:21:07', 'WORO_DATE_COMPLETED': '2023-09-09T08:34:35', 'WORO_ACTUAL_START_DATE': '2023-09-07T11:24:44', 'WORO_ACTUAL_END_DATE': '2023-09-09T08:34:35'}
2023-09-18 13:52:51,972-INFO-DB conn : 2Bbvk8tnUdEnQtL - <cx_Oracle.Connection to CLTY_API@(DESCRIPTION=(ADDRESS=(PROTOCOL=TCP)(HOST=172.25.1.172)(PORT=1521))(CONNECT_DATA=(SERVICE_NAME=clty)))>
2023-09-18 13:52:51,973-INFO-@2
2023-09-18 13:52:51,973-INFO-@3
2023-09-18 13:52:51,973-INFO-@4
2023-09-18 13:52:51,985-INFO-DB Output 2Bbvk8tnUdEnQtL - {'AREA_CODE': None, 'PROM_NUMBER': 40923635, 'WORO_ID': 'FAULT2023090743700', 'WORG_NAME': 'INT-NW-SYSADMIN', 'WORO_CREATED_BY': 'SLT000885', 'WORO_STATUS': 'CLOSED', 'WORO_DESCRIPTION': 'SS 0/0/9 port up, cx says not working, power confirmed', 'WORO_DATE_CREATED': '2023-09-07T11:21:07', 'WORO_DATE_COMPLETED': '2023-09-09T08:34:35', 'WORO_ACTUAL_START_DATE': '2023-09-07T11:24:44', 'WORO_ACTUAL_END_DATE': '2023-09-09T08:34:35'}
2023-09-18 14:12:33,669-INFO-DB conn : TQbdtF918Ik7R1V - <cx_Oracle.Connection to CLTY_API@(DESCRIPTION=(ADDRESS=(PROTOCOL=TCP)(HOST=172.25.1.172)(PORT=1521))(CONNECT_DATA=(SERVICE_NAME=clty)))>
2023-09-18 14:12:33,669-INFO-@2
2023-09-18 14:12:33,669-INFO-@3
2023-09-18 14:12:33,669-INFO-@4
2023-09-18 14:12:33,672-INFO-DB Output TQbdtF918Ik7R1V - {'AREA_CODE': None, 'PROM_NUMBER': 40923635, 'WORO_ID': 'FAULT2023090743700', 'WORG_NAME': 'INT-NW-SYSADMIN', 'WORO_CREATED_BY': 'SLT000885', 'WORO_STATUS': 'CLOSED', 'WORO_DESCRIPTION': 'SS 0/0/9 port up, cx says not working, power confirmed', 'WORO_DATE_CREATED': '2023-09-07T11:21:07', 'WORO_DATE_COMPLETED': '2023-09-09T08:34:35', 'WORO_ACTUAL_START_DATE': '2023-09-07T11:24:44', 'WORO_ACTUAL_END_DATE': '2023-09-09T08:34:35'}
2023-09-18 15:01:41,478-INFO-DB conn : yXX2RfQpEBCBKtF - <cx_Oracle.Connection to CLTY_API@(DESCRIPTION=(ADDRESS=(PROTOCOL=TCP)(HOST=172.25.1.172)(PORT=1521))(CONNECT_DATA=(SERVICE_NAME=clty)))>
2023-09-18 15:01:41,478-INFO-@2
2023-09-18 15:01:41,478-INFO-@3
2023-09-18 15:01:41,478-INFO-@4
2023-09-18 15:03:55,583-INFO-DB conn : uxW7JfkLdrmK8yB - <cx_Oracle.Connection to CLTY_API@(DESCRIPTION=(ADDRESS=(PROTOCOL=TCP)(HOST=172.25.1.172)(PORT=1521))(CONNECT_DATA=(SERVICE_NAME=clty)))>
2023-09-18 15:03:55,583-INFO-@2
2023-09-18 15:03:55,583-INFO-@3
2023-09-18 15:03:55,583-INFO-@4
2023-09-18 15:18:06,971-INFO-DB conn : HdlWHQgEyZqqsHJ - <cx_Oracle.Connection to CLTY_API@(DESCRIPTION=(ADDRESS=(PROTOCOL=TCP)(HOST=172.25.1.172)(PORT=1521))(CONNECT_DATA=(SERVICE_NAME=clty)))>
2023-09-18 15:18:06,971-INFO-@2
2023-09-18 15:18:06,971-INFO-@3
2023-09-18 15:18:06,971-INFO-@4
2023-09-18 15:31:55,344-INFO-DB conn : kaGeRlTHKHmD9Lz - <cx_Oracle.Connection to CLTY_API@(DESCRIPTION=(ADDRESS=(PROTOCOL=TCP)(HOST=172.25.1.172)(PORT=1521))(CONNECT_DATA=(SERVICE_NAME=clty)))>
2023-09-18 15:31:55,344-INFO-@2
2023-09-18 15:31:55,344-INFO-@3
2023-09-18 15:31:55,344-INFO-@4
2023-09-18 15:38:49,184-INFO-DB conn : dbXimiYnUOPXMSm - <cx_Oracle.Connection to CLTY_API@(DESCRIPTION=(ADDRESS=(PROTOCOL=TCP)(HOST=172.25.1.172)(PORT=1521))(CONNECT_DATA=(SERVICE_NAME=clty)))>
2023-09-18 15:38:49,185-INFO-@2
2023-09-18 15:38:49,185-INFO-@3
2023-09-18 15:38:49,185-INFO-@4
2023-09-21 14:47:07,781-INFO-DB conn : x5njiGpzMBvGQv9 - <cx_Oracle.Connection to CLTY_API@(DESCRIPTION=(ADDRESS=(PROTOCOL=TCP)(HOST=172.25.1.172)(PORT=1521))(CONNECT_DATA=(SERVICE_NAME=clty)))>
2023-09-21 14:47:07,781-INFO-@2
2023-09-21 14:47:07,781-INFO-@3
2023-09-21 14:47:07,781-INFO-@4
2023-09-21 14:47:07,795-INFO-DB Output x5njiGpzMBvGQv9 - {'AREA_CODE': None, 'PROM_NUMBER': 40973597, 'WORO_ID': 'FAULT2023091585289', 'WORG_NAME': 'IPNET-FAULTS', 'WORO_CREATED_BY': 'SLT018463T', 'WORO_STATUS': 'INPROGRESS', 'WORO_DESCRIPTION': 'cx says time to time ping out ,and data service flapping/evryday link disconnect', 'WORO_DATE_CREATED': '2023-09-15T15:22:21', 'WORO_DATE_COMPLETED': '2023-09-15T15:31:46', 'WORO_ACTUAL_START_DATE': '2023-09-15T15:31:39', 'WORO_ACTUAL_END_DATE': None}
2023-09-21 14:51:45,061-INFO-DB conn : DlFtRwQn3KFSyAi - <cx_Oracle.Connection to CLTY_API@(DESCRIPTION=(ADDRESS=(PROTOCOL=TCP)(HOST=172.25.1.172)(PORT=1521))(CONNECT_DATA=(SERVICE_NAME=clty)))>
2023-09-21 14:51:45,061-INFO-@2
2023-09-21 14:51:45,061-INFO-@3
2023-09-21 14:51:45,061-INFO-@4
2023-09-21 14:51:45,063-INFO-DB Output DlFtRwQn3KFSyAi - {'AREA_CODE': None, 'PROM_NUMBER': 41004119, 'WORO_ID': 'FAULT2023092119516', 'WORG_NAME': 'IPNET-FAULTS', 'WORO_CREATED_BY': 'SLT018348', 'WORO_STATUS': 'INPROGRESS', 'WORO_DESCRIPTION': 'cx says connection not working / ss port up', 'WORO_DATE_CREATED': '2023-09-21T13:53:16', 'WORO_DATE_COMPLETED': '2023-09-21T14:11:05', 'WORO_ACTUAL_START_DATE': '2023-09-21T14:11:05', 'WORO_ACTUAL_END_DATE': None}
2023-09-21 14:52:21,821-INFO-DB conn : PbSVcPPSu3XG8I2 - <cx_Oracle.Connection to CLTY_API@(DESCRIPTION=(ADDRESS=(PROTOCOL=TCP)(HOST=172.25.1.172)(PORT=1521))(CONNECT_DATA=(SERVICE_NAME=clty)))>
2023-09-21 14:52:21,821-INFO-@2
2023-09-21 14:52:21,821-INFO-@3
2023-09-21 14:52:21,821-INFO-@4
2023-09-21 14:52:21,825-INFO-DB Output PbSVcPPSu3XG8I2 - {'AREA_CODE': None, 'PROM_NUMBER': 41003656, 'WORO_ID': 'FAULT2023092118870', 'WORG_NAME': 'MD-CEN-MDF', 'WORO_CREATED_BY': 'SLT018348', 'WORO_STATUS': 'CLOSED', 'WORO_DESCRIPTION': 'link down.power confirmed', 'WORO_DATE_CREATED': '2023-09-21T12:42:24', 'WORO_DATE_COMPLETED': '2023-09-21T13:07:49', 'WORO_ACTUAL_START_DATE': None, 'WORO_ACTUAL_END_DATE': '2023-09-21T13:07:49'}
2023-09-21 14:52:59,761-INFO-DB conn : aF3trCLcYVqvG2c - <cx_Oracle.Connection to CLTY_API@(DESCRIPTION=(ADDRESS=(PROTOCOL=TCP)(HOST=172.25.1.172)(PORT=1521))(CONNECT_DATA=(SERVICE_NAME=clty)))>
2023-09-21 14:52:59,762-INFO-@2
2023-09-21 14:52:59,762-INFO-@3
2023-09-21 14:52:59,762-INFO-@4
2023-09-21 14:52:59,764-INFO-DB Output aF3trCLcYVqvG2c - {'AREA_CODE': None, 'PROM_NUMBER': 41002492, 'WORO_ID': 'FAULT2023092117296', 'WORG_NAME': 'BC-BC-MDF', 'WORO_CREATED_BY': 'SLT018463T', 'WORO_STATUS': 'CLOSED', 'WORO_DESCRIPTION': 'Link down', 'WORO_DATE_CREATED': '2023-09-21T10:26:00', 'WORO_DATE_COMPLETED': '2023-09-21T11:26:07', 'WORO_ACTUAL_START_DATE': '2023-09-21T10:31:41', 'WORO_ACTUAL_END_DATE': '2023-09-21T11:26:07'}
2023-09-21 14:55:46,536-INFO-DB conn : kqlNeca5KxZ7HN7 - <cx_Oracle.Connection to CLTY_API@(DESCRIPTION=(ADDRESS=(PROTOCOL=TCP)(HOST=172.25.1.172)(PORT=1521))(CONNECT_DATA=(SERVICE_NAME=clty)))>
2023-09-21 14:55:46,536-INFO-@2
2023-09-21 14:55:46,536-INFO-@3
2023-09-21 14:55:46,536-INFO-@4
2023-09-21 14:55:46,542-INFO-DB Output kqlNeca5KxZ7HN7 - {'AREA_CODE': None, 'PROM_NUMBER': 41003656, 'WORO_ID': 'FAULT2023092118870', 'WORG_NAME': 'MD-CEN-MDF', 'WORO_CREATED_BY': 'SLT018348', 'WORO_STATUS': 'CLOSED', 'WORO_DESCRIPTION': 'link down.power confirmed', 'WORO_DATE_CREATED': '2023-09-21T12:42:24', 'WORO_DATE_COMPLETED': '2023-09-21T13:07:49', 'WORO_ACTUAL_START_DATE': None, 'WORO_ACTUAL_END_DATE': '2023-09-21T13:07:49'}
2023-09-21 14:56:04,933-INFO-DB conn : N0xuN4vhjpRt5oh - <cx_Oracle.Connection to CLTY_API@(DESCRIPTION=(ADDRESS=(PROTOCOL=TCP)(HOST=172.25.1.172)(PORT=1521))(CONNECT_DATA=(SERVICE_NAME=clty)))>
2023-09-21 14:56:04,933-INFO-@2
2023-09-21 14:56:04,933-INFO-@3
2023-09-21 14:56:04,933-INFO-@4
2023-09-21 14:56:04,934-INFO-DB Output N0xuN4vhjpRt5oh - {'AREA_CODE': None, 'PROM_NUMBER': 41002492, 'WORO_ID': 'FAULT2023092117296', 'WORG_NAME': 'BC-BC-MDF', 'WORO_CREATED_BY': 'SLT018463T', 'WORO_STATUS': 'CLOSED', 'WORO_DESCRIPTION': 'Link down', 'WORO_DATE_CREATED': '2023-09-21T10:26:00', 'WORO_DATE_COMPLETED': '2023-09-21T11:26:07', 'WORO_ACTUAL_START_DATE': '2023-09-21T10:31:41', 'WORO_ACTUAL_END_DATE': '2023-09-21T11:26:07'}
2023-09-21 15:05:58,195-INFO-DB conn : 8fHtcuvqcxH81jB - <cx_Oracle.Connection to CLTY_API@(DESCRIPTION=(ADDRESS=(PROTOCOL=TCP)(HOST=172.25.1.172)(PORT=1521))(CONNECT_DATA=(SERVICE_NAME=clty)))>
2023-09-21 15:05:58,195-INFO-@2
2023-09-21 15:05:58,195-INFO-@3
2023-09-21 15:05:58,195-INFO-@4
2023-09-21 15:05:58,197-INFO-DB Output 8fHtcuvqcxH81jB - {'AREA_CODE': None, 'PROM_NUMBER': 41002492, 'WORO_ID': 'FAULT2023092117296', 'WORG_NAME': 'BC-BC-MDF', 'WORO_CREATED_BY': 'SLT018463T', 'WORO_STATUS': 'CLOSED', 'WORO_DESCRIPTION': 'Link down', 'WORO_DATE_CREATED': '2023-09-21T10:26:00', 'WORO_DATE_COMPLETED': '2023-09-21T11:26:07', 'WORO_ACTUAL_START_DATE': '2023-09-21T10:31:41', 'WORO_ACTUAL_END_DATE': '2023-09-21T11:26:07'}
2023-09-21 17:53:36,674-INFO-DB conn : 0Cxui9utnDLyEFp - <cx_Oracle.Connection to CLTY_API@(DESCRIPTION=(ADDRESS=(PROTOCOL=TCP)(HOST=172.25.1.172)(PORT=1521))(CONNECT_DATA=(SERVICE_NAME=clty)))>
2023-09-21 17:53:36,674-INFO-@2
2023-09-21 17:53:36,674-INFO-@3
2023-09-21 17:53:36,674-INFO-@4
2023-09-21 17:53:36,676-INFO-DB Output 0Cxui9utnDLyEFp - {'AREA_CODE': None, 'PROM_NUMBER': 41002492, 'WORO_ID': 'FAULT2023092117296', 'WORG_NAME': 'BC-BC-MDF', 'WORO_CREATED_BY': 'SLT018463T', 'WORO_STATUS': 'CLOSED', 'WORO_DESCRIPTION': 'Link down', 'WORO_DATE_CREATED': '2023-09-21T10:26:00', 'WORO_DATE_COMPLETED': '2023-09-21T11:26:07', 'WORO_ACTUAL_START_DATE': '2023-09-21T10:31:41', 'WORO_ACTUAL_END_DATE': '2023-09-21T11:26:07'}
2023-09-21 17:57:36,699-INFO-DB conn : 2u8d0ifp5Sddut9 - <cx_Oracle.Connection to CLTY_API@(DESCRIPTION=(ADDRESS=(PROTOCOL=TCP)(HOST=172.25.1.172)(PORT=1521))(CONNECT_DATA=(SERVICE_NAME=clty)))>
2023-09-21 17:57:36,700-INFO-@2
2023-09-21 17:57:36,700-INFO-@3
2023-09-21 17:57:36,700-INFO-@4
2023-09-21 17:57:36,701-INFO-DB Output 2u8d0ifp5Sddut9 - {'AREA_CODE': None, 'PROM_NUMBER': 41002492, 'WORO_ID': 'FAULT2023092117296', 'WORG_NAME': 'BC-BC-MDF', 'WORO_CREATED_BY': 'SLT018463T', 'WORO_STATUS': 'CLOSED', 'WORO_DESCRIPTION': 'Link down', 'WORO_DATE_CREATED': '2023-09-21T10:26:00', 'WORO_DATE_COMPLETED': '2023-09-21T11:26:07', 'WORO_ACTUAL_START_DATE': '2023-09-21T10:31:41', 'WORO_ACTUAL_END_DATE': '2023-09-21T11:26:07'}
2023-11-03 17:11:49,921-INFO-DB conn : 8YA2Pjy1kfcS7il - <cx_Oracle.Connection to CLTY_API@(DESCRIPTION=(ADDRESS=(PROTOCOL=TCP)(HOST=172.25.1.172)(PORT=1521))(CONNECT_DATA=(SERVICE_NAME=clty)))>
2023-11-03 17:11:49,921-INFO-@2
2023-11-03 17:11:49,922-INFO-@3
2023-11-03 17:11:49,922-INFO-@4
2023-11-03 17:11:49,935-INFO-DB Output 8YA2Pjy1kfcS7il - {'AREA_CODE': None, 'PROM_NUMBER': 40511266, 'WORO_ID': 'FAULT2023061982750', 'WORG_NAME': 'RN-RN-MDF', 'WORO_CREATED_BY': 'SLT018357', 'WORO_STATUS': 'CLOSED', 'WORO_DESCRIPTION': 'Link down, cx asked to call 0112660888 before attend', 'WORO_DATE_CREATED': '2023-06-19T16:09:01', 'WORO_DATE_COMPLETED': '2023-06-19T16:16:31', 'WORO_ACTUAL_START_DATE': None, 'WORO_ACTUAL_END_DATE': '2023-06-19T16:16:31'}
2023-11-06 09:51:31,247-INFO-DB conn : HQoe0bgq4mMj3D9 - <cx_Oracle.Connection to CLTY_API@(DESCRIPTION=(ADDRESS=(PROTOCOL=TCP)(HOST=172.25.1.172)(PORT=1521))(CONNECT_DATA=(SERVICE_NAME=clty)))>
2023-11-06 09:51:31,247-INFO-@2
2023-11-06 09:51:31,247-INFO-@3
2023-11-06 09:51:31,247-INFO-@4
2023-11-06 09:51:31,261-INFO-DB Output HQoe0bgq4mMj3D9 - {'AREA_CODE': None, 'PROM_NUMBER': 40511266, 'WORO_ID': 'FAULT2023061982750', 'WORG_NAME': 'RN-RN-MDF', 'WORO_CREATED_BY': 'SLT018357', 'WORO_STATUS': 'CLOSED', 'WORO_DESCRIPTION': 'Link down, cx asked to call 0112660888 before attend', 'WORO_DATE_CREATED': '2023-06-19T16:09:01', 'WORO_DATE_COMPLETED': '2023-06-19T16:16:31', 'WORO_ACTUAL_START_DATE': None, 'WORO_ACTUAL_END_DATE': '2023-06-19T16:16:31'}
2023-11-06 09:52:03,543-INFO-DB conn : lhz1cQhL2vuoLoV - <cx_Oracle.Connection to CLTY_API@(DESCRIPTION=(ADDRESS=(PROTOCOL=TCP)(HOST=172.25.1.172)(PORT=1521))(CONNECT_DATA=(SERVICE_NAME=clty)))>
2023-11-06 09:52:03,543-INFO-@2
2023-11-06 09:52:03,543-INFO-@3
2023-11-06 09:52:03,543-INFO-@4
2023-11-06 09:52:03,565-INFO-DB conn : chVOa0DogONsLbl - <cx_Oracle.Connection to CLTY_API@(DESCRIPTION=(ADDRESS=(PROTOCOL=TCP)(HOST=172.25.1.172)(PORT=1521))(CONNECT_DATA=(SERVICE_NAME=clty)))>
2023-11-06 09:52:03,565-INFO-@2
2023-11-06 09:52:03,565-INFO-@3
2023-11-06 09:52:03,566-INFO-@4
2023-11-06 09:52:03,567-INFO-DB conn : quaCpOXJ7VPd0qw - <cx_Oracle.Connection to CLTY_API@(DESCRIPTION=(ADDRESS=(PROTOCOL=TCP)(HOST=172.25.1.172)(PORT=1521))(CONNECT_DATA=(SERVICE_NAME=clty)))>
2023-11-06 09:52:03,567-INFO-@2
2023-11-06 09:52:03,567-INFO-@3
2023-11-06 09:52:03,567-INFO-@4
2023-11-06 09:52:03,571-INFO-DB conn : kJ5XKxARwQxtHgw - <cx_Oracle.Connection to CLTY_API@(DESCRIPTION=(ADDRESS=(PROTOCOL=TCP)(HOST=172.25.1.172)(PORT=1521))(CONNECT_DATA=(SERVICE_NAME=clty)))>
2023-11-06 09:52:03,571-INFO-@2
2023-11-06 09:52:03,571-INFO-@3
2023-11-06 09:52:03,571-INFO-@4
2023-11-06 09:52:03,573-INFO-DB Output kJ5XKxARwQxtHgw - {'AREA_CODE': None, 'PROM_NUMBER': 40511266, 'WORO_ID': 'FAULT2023061982750', 'WORG_NAME': 'RN-RN-MDF', 'WORO_CREATED_BY': 'SLT018357', 'WORO_STATUS': 'CLOSED', 'WORO_DESCRIPTION': 'Link down, cx asked to call 0112660888 before attend', 'WORO_DATE_CREATED': '2023-06-19T16:09:01', 'WORO_DATE_COMPLETED': '2023-06-19T16:16:31', 'WORO_ACTUAL_START_DATE': None, 'WORO_ACTUAL_END_DATE': '2023-06-19T16:16:31'}
2023-11-06 09:52:03,587-INFO-DB conn : WwhEoAjSK3ho1Vh - <cx_Oracle.Connection to CLTY_API@(DESCRIPTION=(ADDRESS=(PROTOCOL=TCP)(HOST=172.25.1.172)(PORT=1521))(CONNECT_DATA=(SERVICE_NAME=clty)))>
2023-11-06 09:52:03,587-INFO-@2
2023-11-06 09:52:03,587-INFO-@3
2023-11-06 09:52:03,587-INFO-@4
2023-11-06 09:52:09,716-INFO-DB conn : eabBfmNDqJN9l52 - <cx_Oracle.Connection to CLTY_API@(DESCRIPTION=(ADDRESS=(PROTOCOL=TCP)(HOST=172.25.1.172)(PORT=1521))(CONNECT_DATA=(SERVICE_NAME=clty)))>
2023-11-06 09:52:09,716-INFO-@2
2023-11-06 09:52:09,716-INFO-@3
2023-11-06 09:52:09,716-INFO-@4
2023-11-06 09:52:18,496-INFO-DB conn : PujhMx803D9HsqQ - <cx_Oracle.Connection to CLTY_API@(DESCRIPTION=(ADDRESS=(PROTOCOL=TCP)(HOST=172.25.1.172)(PORT=1521))(CONNECT_DATA=(SERVICE_NAME=clty)))>
2023-11-06 09:52:18,496-INFO-@2
2023-11-06 09:52:18,496-INFO-@3
2023-11-06 09:52:18,496-INFO-@4
2023-11-06 09:52:18,498-INFO-DB Output PujhMx803D9HsqQ - {'AREA_CODE': None, 'PROM_NUMBER': 40511266, 'WORO_ID': 'FAULT2023061982750', 'WORG_NAME': 'RN-RN-MDF', 'WORO_CREATED_BY': 'SLT018357', 'WORO_STATUS': 'CLOSED', 'WORO_DESCRIPTION': 'Link down, cx asked to call 0112660888 before attend', 'WORO_DATE_CREATED': '2023-06-19T16:09:01', 'WORO_DATE_COMPLETED': '2023-06-19T16:16:31', 'WORO_ACTUAL_START_DATE': None, 'WORO_ACTUAL_END_DATE': '2023-06-19T16:16:31'}
